[ 2015-07-08T22:33:55+08:00 ] 0.0.0.0 /blog/
INFO: [ app_begin ] --START--
INFO: ReadHtmlCache Behavior ::run [ RunTime:0.019877s ]
INFO: [ app_begin ] --END-- [ RunTime:0.021412s ]
ERR: 无法加载模块:Index

[ 2015-07-08T22:33:59+08:00 ] 0.0.0.0 /blog/index.php/Admin/Index/index.html
INFO: [ route_check ] --START--
INFO: CheckRoute Behavior ::run [ RunTime:0.012622s ]
INFO: [ route_check ] --END-- [ RunTime:0.012832s ]
INFO: [ app_begin ] --START--
INFO: ReadHtmlCache Behavior ::run [ RunTime:0.000968s ]
INFO: [ app_begin ] --END-- [ RunTime:0.001138s ]
INFO: [ view_parse ] --START--
NOTIC: [8] Undefined offset: 1 H:\wamp\www\blog\ThinkPHP\Lib\Driver\TagLib\TagLibCx.class.php 第 524 行.
NOTIC: [8] Undefined offset: 1 H:\wamp\www\blog\ThinkPHP\Lib\Driver\TagLib\TagLibCx.class.php 第 524 行.
INFO: ParseTemplate Behavior ::run [ RunTime:0.073834s ]
INFO: [ view_parse ] --END-- [ RunTime:0.074036s ]
INFO: [ view_filter ] --START--
INFO: ContentReplace Behavior ::run [ RunTime:0.001171s ]
INFO: TokenBuild Behavior ::run [ RunTime:0.001197s ]
INFO: WriteHtmlCache Behavior ::run [ RunTime:0.000949s ]
INFO: ShowRuntime Behavior ::run [ RunTime:0.001419s ]
INFO: [ view_filter ] --END-- [ RunTime:0.005210s ]
INFO: [ view_end ] --START--
INFO: ShowPageTrace Behavior ::run [ RunTime:0.001593s ]
INFO: [ view_end ] --END-- [ RunTime:0.001742s ]

[ 2015-07-08T22:35:18+08:00 ] 0.0.0.0 /blog/index.php/Admin/Index/index.html
INFO: [ route_check ] --START--
INFO: CheckRoute Behavior ::run [ RunTime:0.001492s ]
INFO: [ route_check ] --END-- [ RunTime:0.001673s ]
INFO: [ app_begin ] --START--
INFO: ReadHtmlCache Behavior ::run [ RunTime:0.001135s ]
INFO: [ app_begin ] --END-- [ RunTime:0.001297s ]
INFO: [ view_parse ] --START--
NOTIC: [8] Undefined offset: 1 H:\wamp\www\blog\ThinkPHP\Lib\Driver\TagLib\TagLibCx.class.php 第 524 行.
NOTIC: [8] Undefined offset: 1 H:\wamp\www\blog\ThinkPHP\Lib\Driver\TagLib\TagLibCx.class.php 第 524 行.
INFO: ParseTemplate Behavior ::run [ RunTime:0.011763s ]
INFO: [ view_parse ] --END-- [ RunTime:0.011938s ]
INFO: [ view_filter ] --START--
INFO: ContentReplace Behavior ::run [ RunTime:0.000790s ]
INFO: TokenBuild Behavior ::run [ RunTime:0.000868s ]
INFO: WriteHtmlCache Behavior ::run [ RunTime:0.000714s ]
INFO: ShowRuntime Behavior ::run [ RunTime:0.000988s ]
INFO: [ view_filter ] --END-- [ RunTime:0.003830s ]
INFO: [ view_end ] --START--
INFO: ShowPageTrace Behavior ::run [ RunTime:0.001179s ]
INFO: [ view_end ] --END-- [ RunTime:0.001331s ]

[ 2015-07-08T22:35:23+08:00 ] 0.0.0.0 /blog/index.php/Admin/Index/index
INFO: [ route_check ] --START--
INFO: CheckRoute Behavior ::run [ RunTime:0.001807s ]
INFO: [ route_check ] --END-- [ RunTime:0.002064s ]
INFO: [ app_begin ] --START--
INFO: ReadHtmlCache Behavior ::run [ RunTime:0.001200s ]
INFO: [ app_begin ] --END-- [ RunTime:0.001424s ]
INFO: [ view_parse ] --START--
NOTIC: [8] Undefined offset: 1 H:\wamp\www\blog\ThinkPHP\Lib\Driver\TagLib\TagLibCx.class.php 第 524 行.
NOTIC: [8] Undefined offset: 1 H:\wamp\www\blog\ThinkPHP\Lib\Driver\TagLib\TagLibCx.class.php 第 524 行.
INFO: ParseTemplate Behavior ::run [ RunTime:0.011798s ]
INFO: [ view_parse ] --END-- [ RunTime:0.011977s ]
INFO: [ view_filter ] --START--
INFO: ContentReplace Behavior ::run [ RunTime:0.000723s ]
INFO: TokenBuild Behavior ::run [ RunTime:0.000892s ]
INFO: WriteHtmlCache Behavior ::run [ RunTime:0.000591s ]
INFO: ShowRuntime Behavior ::run [ RunTime:0.000885s ]
INFO: [ view_filter ] --END-- [ RunTime:0.003523s ]
INFO: [ view_end ] --START--
INFO: ShowPageTrace Behavior ::run [ RunTime:0.000981s ]
INFO: [ view_end ] --END-- [ RunTime:0.001133s ]

[ 2015-07-08T22:35:25+08:00 ] 0.0.0.0 /blog/index.php/Admin/Index/
INFO: [ route_check ] --START--
INFO: CheckRoute Behavior ::run [ RunTime:0.001203s ]
INFO: [ route_check ] --END-- [ RunTime:0.001397s ]
INFO: [ app_begin ] --START--
INFO: ReadHtmlCache Behavior ::run [ RunTime:0.000905s ]
INFO: [ app_begin ] --END-- [ RunTime:0.001059s ]
INFO: [ view_parse ] --START--
NOTIC: [8] Undefined offset: 1 H:\wamp\www\blog\ThinkPHP\Lib\Driver\TagLib\TagLibCx.class.php 第 524 行.
NOTIC: [8] Undefined offset: 1 H:\wamp\www\blog\ThinkPHP\Lib\Driver\TagLib\TagLibCx.class.php 第 524 行.
INFO: ParseTemplate Behavior ::run [ RunTime:0.010613s ]
INFO: [ view_parse ] --END-- [ RunTime:0.010791s ]
INFO: [ view_filter ] --START--
INFO: ContentReplace Behavior ::run [ RunTime:0.000701s ]
INFO: TokenBuild Behavior ::run [ RunTime:0.000773s ]
INFO: WriteHtmlCache Behavior ::run [ RunTime:0.000569s ]
INFO: ShowRuntime Behavior ::run [ RunTime:0.000891s ]
INFO: [ view_filter ] --END-- [ RunTime:0.003367s ]
INFO: [ view_end ] --START--
INFO: ShowPageTrace Behavior ::run [ RunTime:0.001023s ]
INFO: [ view_end ] --END-- [ RunTime:0.001175s ]

[ 2015-07-08T22:55:34+08:00 ] 0.0.0.0 /blog/index.php/Admin/Login/index.html
INFO: [ route_check ] --START--
INFO: CheckRoute Behavior ::run [ RunTime:0.001645s ]
INFO: [ route_check ] --END-- [ RunTime:0.001889s ]
INFO: [ app_begin ] --START--
INFO: ReadHtmlCache Behavior ::run [ RunTime:0.001218s ]
INFO: [ app_begin ] --END-- [ RunTime:0.001434s ]
INFO: [ view_parse ] --START--
NOTIC: [8] Undefined offset: 1 H:\wamp\www\blog\ThinkPHP\Lib\Driver\TagLib\TagLibCx.class.php 第 524 行.
NOTIC: [8] Undefined offset: 1 H:\wamp\www\blog\ThinkPHP\Lib\Driver\TagLib\TagLibCx.class.php 第 524 行.
INFO: ParseTemplate Behavior ::run [ RunTime:0.011737s ]
INFO: [ view_parse ] --END-- [ RunTime:0.011919s ]
INFO: [ view_filter ] --START--
INFO: ContentReplace Behavior ::run [ RunTime:0.000826s ]
INFO: TokenBuild Behavior ::run [ RunTime:0.000928s ]
INFO: WriteHtmlCache Behavior ::run [ RunTime:0.000704s ]
INFO: ShowRuntime Behavior ::run [ RunTime:0.001029s ]
INFO: [ view_filter ] --END-- [ RunTime:0.003918s ]
INFO: [ view_end ] --START--
INFO: ShowPageTrace Behavior ::run [ RunTime:0.001146s ]
INFO: [ view_end ] --END-- [ RunTime:0.001300s ]

[ 2015-07-08T23:17:41+08:00 ] 0.0.0.0 /blog/index.php/Admin/Index/
INFO: [ route_check ] --START--
INFO: CheckRoute Behavior ::run [ RunTime:0.001594s ]
INFO: [ route_check ] --END-- [ RunTime:0.001821s ]
INFO: [ app_begin ] --START--
INFO: ReadHtmlCache Behavior ::run [ RunTime:0.001097s ]
INFO: [ app_begin ] --END-- [ RunTime:0.001266s ]
ERR: 模板不存在[./Home/Modules/Admin/Tpl/Index/index.html]

[ 2015-07-08T23:17:52+08:00 ] 0.0.0.0 /blog/index.php/Admin/Login/
INFO: [ route_check ] --START--
INFO: CheckRoute Behavior ::run [ RunTime:0.001412s ]
INFO: [ route_check ] --END-- [ RunTime:0.001597s ]
INFO: [ app_begin ] --START--
INFO: ReadHtmlCache Behavior ::run [ RunTime:0.000990s ]
INFO: [ app_begin ] --END-- [ RunTime:0.001167s ]
INFO: [ view_parse ] --START--
NOTIC: [8] Undefined offset: 1 H:\wamp\www\blog\ThinkPHP\Lib\Driver\TagLib\TagLibCx.class.php 第 524 行.
NOTIC: [8] Undefined offset: 1 H:\wamp\www\blog\ThinkPHP\Lib\Driver\TagLib\TagLibCx.class.php 第 524 行.
INFO: ParseTemplate Behavior ::run [ RunTime:0.011969s ]
INFO: [ view_parse ] --END-- [ RunTime:0.012147s ]
INFO: [ view_filter ] --START--
INFO: ContentReplace Behavior ::run [ RunTime:0.000938s ]
INFO: TokenBuild Behavior ::run [ RunTime:0.001025s ]
INFO: WriteHtmlCache Behavior ::run [ RunTime:0.000784s ]
INFO: ShowRuntime Behavior ::run [ RunTime:0.001049s ]
INFO: [ view_filter ] --END-- [ RunTime:0.004256s ]
INFO: [ view_end ] --START--
INFO: ShowPageTrace Behavior ::run [ RunTime:0.001182s ]
INFO: [ view_end ] --END-- [ RunTime:0.001334s ]

[ 2015-07-08T23:18:15+08:00 ] 0.0.0.0 /blog/index.php/Admin/Login/%7B:U(Login/loginCheck))?username=a%4046.com&password=1
INFO: [ route_check ] --START--
INFO: CheckRoute Behavior ::run [ RunTime:0.001683s ]
INFO: [ route_check ] --END-- [ RunTime:0.001868s ]
INFO: [ app_begin ] --START--
INFO: ReadHtmlCache Behavior ::run [ RunTime:0.001341s ]
INFO: [ app_begin ] --END-- [ RunTime:0.001547s ]
ERR: 非法操作:{:U(Login

[ 2015-07-08T23:18:40+08:00 ] 0.0.0.0 /blog/index.php/Admin/Login/%7B:U(Login/loginCheck))?username=a%4046.com&password=1
INFO: [ route_check ] --START--
INFO: CheckRoute Behavior ::run [ RunTime:0.001185s ]
INFO: [ route_check ] --END-- [ RunTime:0.001364s ]
INFO: [ app_begin ] --START--
INFO: ReadHtmlCache Behavior ::run [ RunTime:0.001089s ]
INFO: [ app_begin ] --END-- [ RunTime:0.001251s ]
ERR: 非法操作:{:U(Login

[ 2015-07-08T23:18:42+08:00 ] 0.0.0.0 /blog/index.php/Admin/Login/
INFO: [ route_check ] --START--
INFO: CheckRoute Behavior ::run [ RunTime:0.001257s ]
INFO: [ route_check ] --END-- [ RunTime:0.001443s ]
INFO: [ app_begin ] --START--
INFO: ReadHtmlCache Behavior ::run [ RunTime:0.000952s ]
INFO: [ app_begin ] --END-- [ RunTime:0.001115s ]
INFO: [ view_parse ] --START--
NOTIC: [8] Undefined offset: 1 H:\wamp\www\blog\ThinkPHP\Lib\Driver\TagLib\TagLibCx.class.php 第 524 行.
NOTIC: [8] Undefined offset: 1 H:\wamp\www\blog\ThinkPHP\Lib\Driver\TagLib\TagLibCx.class.php 第 524 行.
NOTIC: [8] Use of undefined constant Login - assumed 'Login' H:\wamp\www\blog\Home\Runtime\Cache\Admin\2a1a955039644ca93866a81c42914146.php 第 15 行.
NOTIC: [8] Use of undefined constant loginCheck - assumed 'loginCheck' H:\wamp\www\blog\Home\Runtime\Cache\Admin\2a1a955039644ca93866a81c42914146.php 第 15 行.
NOTIC: [2] Division by zero H:\wamp\www\blog\Home\Runtime\Cache\Admin\2a1a955039644ca93866a81c42914146.php 第 15 行.
INFO: ParseTemplate Behavior ::run [ RunTime:0.025046s ]
INFO: [ view_parse ] --END-- [ RunTime:0.025209s ]
INFO: [ view_filter ] --START--
INFO: ContentReplace Behavior ::run [ RunTime:0.000846s ]
INFO: TokenBuild Behavior ::run [ RunTime:0.000870s ]
INFO: WriteHtmlCache Behavior ::run [ RunTime:0.000699s ]
INFO: ShowRuntime Behavior ::run [ RunTime:0.001204s ]
INFO: [ view_filter ] --END-- [ RunTime:0.004081s ]
INFO: [ view_end ] --START--
INFO: ShowPageTrace Behavior ::run [ RunTime:0.001345s ]
INFO: [ view_end ] --END-- [ RunTime:0.001531s ]

[ 2015-07-08T23:18:50+08:00 ] 0.0.0.0 /blog/index.php/Admin/Login/index.html?username=45%4016.copm&password=ws
INFO: [ route_check ] --START--
INFO: CheckRoute Behavior ::run [ RunTime:0.001177s ]
INFO: [ route_check ] --END-- [ RunTime:0.001378s ]
INFO: [ app_begin ] --START--
INFO: ReadHtmlCache Behavior ::run [ RunTime:0.000927s ]
INFO: [ app_begin ] --END-- [ RunTime:0.001084s ]
INFO: [ view_parse ] --START--
NOTIC: [8] Undefined offset: 1 H:\wamp\www\blog\ThinkPHP\Lib\Driver\TagLib\TagLibCx.class.php 第 524 行.
NOTIC: [8] Undefined offset: 1 H:\wamp\www\blog\ThinkPHP\Lib\Driver\TagLib\TagLibCx.class.php 第 524 行.
NOTIC: [8] Use of undefined constant Login - assumed 'Login' H:\wamp\www\blog\Home\Runtime\Cache\Admin\2a1a955039644ca93866a81c42914146.php 第 15 行.
NOTIC: [8] Use of undefined constant loginCheck - assumed 'loginCheck' H:\wamp\www\blog\Home\Runtime\Cache\Admin\2a1a955039644ca93866a81c42914146.php 第 15 行.
NOTIC: [2] Division by zero H:\wamp\www\blog\Home\Runtime\Cache\Admin\2a1a955039644ca93866a81c42914146.php 第 15 行.
INFO: ParseTemplate Behavior ::run [ RunTime:0.011118s ]
INFO: [ view_parse ] --END-- [ RunTime:0.011274s ]
INFO: [ view_filter ] --START--
INFO: ContentReplace Behavior ::run [ RunTime:0.000727s ]
INFO: TokenBuild Behavior ::run [ RunTime:0.000753s ]
INFO: WriteHtmlCache Behavior ::run [ RunTime:0.000555s ]
INFO: ShowRuntime Behavior ::run [ RunTime:0.000953s ]
INFO: [ view_filter ] --END-- [ RunTime:0.003428s ]
INFO: [ view_end ] --START--
INFO: ShowPageTrace Behavior ::run [ RunTime:0.001088s ]
INFO: [ view_end ] --END-- [ RunTime:0.001240s ]

[ 2015-07-08T23:18:52+08:00 ] 0.0.0.0 /blog/index.php/Admin/Login/index.html?username=&password=
INFO: [ route_check ] --START--
INFO: CheckRoute Behavior ::run [ RunTime:0.001209s ]
INFO: [ route_check ] --END-- [ RunTime:0.001392s ]
INFO: [ app_begin ] --START--
INFO: ReadHtmlCache Behavior ::run [ RunTime:0.000966s ]
INFO: [ app_begin ] --END-- [ RunTime:0.001130s ]
INFO: [ view_parse ] --START--
NOTIC: [8] Undefined offset: 1 H:\wamp\www\blog\ThinkPHP\Lib\Driver\TagLib\TagLibCx.class.php 第 524 行.
NOTIC: [8] Undefined offset: 1 H:\wamp\www\blog\ThinkPHP\Lib\Driver\TagLib\TagLibCx.class.php 第 524 行.
NOTIC: [8] Use of undefined constant Login - assumed 'Login' H:\wamp\www\blog\Home\Runtime\Cache\Admin\2a1a955039644ca93866a81c42914146.php 第 15 行.
NOTIC: [8] Use of undefined constant loginCheck - assumed 'loginCheck' H:\wamp\www\blog\Home\Runtime\Cache\Admin\2a1a955039644ca93866a81c42914146.php 第 15 行.
NOTIC: [2] Division by zero H:\wamp\www\blog\Home\Runtime\Cache\Admin\2a1a955039644ca93866a81c42914146.php 第 15 行.
INFO: ParseTemplate Behavior ::run [ RunTime:0.011126s ]
INFO: [ view_parse ] --END-- [ RunTime:0.011283s ]
INFO: [ view_filter ] --START--
INFO: ContentReplace Behavior ::run [ RunTime:0.000662s ]
INFO: TokenBuild Behavior ::run [ RunTime:0.000710s ]
INFO: WriteHtmlCache Behavior ::run [ RunTime:0.000524s ]
INFO: ShowRuntime Behavior ::run [ RunTime:0.000831s ]
INFO: [ view_filter ] --END-- [ RunTime:0.003133s ]
INFO: [ view_end ] --START--
INFO: ShowPageTrace Behavior ::run [ RunTime:0.001010s ]
INFO: [ view_end ] --END-- [ RunTime:0.001155s ]

[ 2015-07-08T23:18:53+08:00 ] 0.0.0.0 /blog/index.php/Admin/Login/index.html?username=&password=
INFO: [ route_check ] --START--
INFO: CheckRoute Behavior ::run [ RunTime:0.001153s ]
INFO: [ route_check ] --END-- [ RunTime:0.001339s ]
INFO: [ app_begin ] --START--
INFO: ReadHtmlCache Behavior ::run [ RunTime:0.000960s ]
INFO: [ app_begin ] --END-- [ RunTime:0.001115s ]
INFO: [ view_parse ] --START--
NOTIC: [8] Undefined offset: 1 H:\wamp\www\blog\ThinkPHP\Lib\Driver\TagLib\TagLibCx.class.php 第 524 行.
NOTIC: [8] Undefined offset: 1 H:\wamp\www\blog\ThinkPHP\Lib\Driver\TagLib\TagLibCx.class.php 第 524 行.
NOTIC: [8] Use of undefined constant Login - assumed 'Login' H:\wamp\www\blog\Home\Runtime\Cache\Admin\2a1a955039644ca93866a81c42914146.php 第 15 行.
NOTIC: [8] Use of undefined constant loginCheck - assumed 'loginCheck' H:\wamp\www\blog\Home\Runtime\Cache\Admin\2a1a955039644ca93866a81c42914146.php 第 15 行.
NOTIC: [2] Division by zero H:\wamp\www\blog\Home\Runtime\Cache\Admin\2a1a955039644ca93866a81c42914146.php 第 15 行.
INFO: ParseTemplate Behavior ::run [ RunTime:0.011215s ]
INFO: [ view_parse ] --END-- [ RunTime:0.011371s ]
INFO: [ view_filter ] --START--
INFO: ContentReplace Behavior ::run [ RunTime:0.000739s ]
INFO: TokenBuild Behavior ::run [ RunTime:0.000742s ]
INFO: WriteHtmlCache Behavior ::run [ RunTime:0.000543s ]
INFO: ShowRuntime Behavior ::run [ RunTime:0.000976s ]
INFO: [ view_filter ] --END-- [ RunTime:0.003436s ]
INFO: [ view_end ] --START--
INFO: ShowPageTrace Behavior ::run [ RunTime:0.001043s ]
INFO: [ view_end ] --END-- [ RunTime:0.001198s ]

[ 2015-07-08T23:18:54+08:00 ] 0.0.0.0 /blog/index.php/Admin/Login/index.html?username=&password=
INFO: [ route_check ] --START--
INFO: CheckRoute Behavior ::run [ RunTime:0.001230s ]
INFO: [ route_check ] --END-- [ RunTime:0.001468s ]
INFO: [ app_begin ] --START--
INFO: ReadHtmlCache Behavior ::run [ RunTime:0.000892s ]
INFO: [ app_begin ] --END-- [ RunTime:0.001049s ]
INFO: [ view_parse ] --START--
NOTIC: [8] Undefined offset: 1 H:\wamp\www\blog\ThinkPHP\Lib\Driver\TagLib\TagLibCx.class.php 第 524 行.
NOTIC: [8] Undefined offset: 1 H:\wamp\www\blog\ThinkPHP\Lib\Driver\TagLib\TagLibCx.class.php 第 524 行.
NOTIC: [8] Use of undefined constant Login - assumed 'Login' H:\wamp\www\blog\Home\Runtime\Cache\Admin\2a1a955039644ca93866a81c42914146.php 第 15 行.
NOTIC: [8] Use of undefined constant loginCheck - assumed 'loginCheck' H:\wamp\www\blog\Home\Runtime\Cache\Admin\2a1a955039644ca93866a81c42914146.php 第 15 行.
NOTIC: [2] Division by zero H:\wamp\www\blog\Home\Runtime\Cache\Admin\2a1a955039644ca93866a81c42914146.php 第 15 行.
INFO: ParseTemplate Behavior ::run [ RunTime:0.012680s ]
INFO: [ view_parse ] --END-- [ RunTime:0.012853s ]
INFO: [ view_filter ] --START--
INFO: ContentReplace Behavior ::run [ RunTime:0.000749s ]
INFO: TokenBuild Behavior ::run [ RunTime:0.000824s ]
INFO: WriteHtmlCache Behavior ::run [ RunTime:0.000578s ]
INFO: ShowRuntime Behavior ::run [ RunTime:0.000900s ]
INFO: [ view_filter ] --END-- [ RunTime:0.003500s ]
INFO: [ view_end ] --START--
INFO: ShowPageTrace Behavior ::run [ RunTime:0.001028s ]
INFO: [ view_end ] --END-- [ RunTime:0.001197s ]

[ 2015-07-08T23:18:54+08:00 ] 0.0.0.0 /blog/index.php/Admin/Login/index.html?username=&password=
INFO: [ route_check ] --START--
INFO: CheckRoute Behavior ::run [ RunTime:0.001270s ]
INFO: [ route_check ] --END-- [ RunTime:0.001457s ]
INFO: [ app_begin ] --START--
INFO: ReadHtmlCache Behavior ::run [ RunTime:0.001153s ]
INFO: [ app_begin ] --END-- [ RunTime:0.001350s ]
INFO: [ view_parse ] --START--
NOTIC: [8] Undefined offset: 1 H:\wamp\www\blog\ThinkPHP\Lib\Driver\TagLib\TagLibCx.class.php 第 524 行.
NOTIC: [8] Undefined offset: 1 H:\wamp\www\blog\ThinkPHP\Lib\Driver\TagLib\TagLibCx.class.php 第 524 行.
NOTIC: [8] Use of undefined constant Login - assumed 'Login' H:\wamp\www\blog\Home\Runtime\Cache\Admin\2a1a955039644ca93866a81c42914146.php 第 15 行.
NOTIC: [8] Use of undefined constant loginCheck - assumed 'loginCheck' H:\wamp\www\blog\Home\Runtime\Cache\Admin\2a1a955039644ca93866a81c42914146.php 第 15 行.
NOTIC: [2] Division by zero H:\wamp\www\blog\Home\Runtime\Cache\Admin\2a1a955039644ca93866a81c42914146.php 第 15 行.
INFO: ParseTemplate Behavior ::run [ RunTime:0.011499s ]
INFO: [ view_parse ] --END-- [ RunTime:0.011702s ]
INFO: [ view_filter ] --START--
INFO: ContentReplace Behavior ::run [ RunTime:0.000845s ]
INFO: TokenBuild Behavior ::run [ RunTime:0.000788s ]
INFO: WriteHtmlCache Behavior ::run [ RunTime:0.000599s ]
INFO: ShowRuntime Behavior ::run [ RunTime:0.000900s ]
INFO: [ view_filter ] --END-- [ RunTime:0.003607s ]
INFO: [ view_end ] --START--
INFO: ShowPageTrace Behavior ::run [ RunTime:0.001024s ]
INFO: [ view_end ] --END-- [ RunTime:0.001176s ]

[ 2015-07-08T23:18:55+08:00 ] 0.0.0.0 /blog/index.php/Admin/Login/index.html?username=&password=
INFO: [ route_check ] --START--
INFO: CheckRoute Behavior ::run [ RunTime:0.001223s ]
INFO: [ route_check ] --END-- [ RunTime:0.001407s ]
INFO: [ app_begin ] --START--
INFO: ReadHtmlCache Behavior ::run [ RunTime:0.000984s ]
INFO: [ app_begin ] --END-- [ RunTime:0.001164s ]
INFO: [ view_parse ] --START--
NOTIC: [8] Undefined offset: 1 H:\wamp\www\blog\ThinkPHP\Lib\Driver\TagLib\TagLibCx.class.php 第 524 行.
NOTIC: [8] Undefined offset: 1 H:\wamp\www\blog\ThinkPHP\Lib\Driver\TagLib\TagLibCx.class.php 第 524 行.
NOTIC: [8] Use of undefined constant Login - assumed 'Login' H:\wamp\www\blog\Home\Runtime\Cache\Admin\2a1a955039644ca93866a81c42914146.php 第 15 行.
NOTIC: [8] Use of undefined constant loginCheck - assumed 'loginCheck' H:\wamp\www\blog\Home\Runtime\Cache\Admin\2a1a955039644ca93866a81c42914146.php 第 15 行.
NOTIC: [2] Division by zero H:\wamp\www\blog\Home\Runtime\Cache\Admin\2a1a955039644ca93866a81c42914146.php 第 15 行.
INFO: ParseTemplate Behavior ::run [ RunTime:0.010989s ]
INFO: [ view_parse ] --END-- [ RunTime:0.011145s ]
INFO: [ view_filter ] --START--
INFO: ContentReplace Behavior ::run [ RunTime:0.000759s ]
INFO: TokenBuild Behavior ::run [ RunTime:0.000841s ]
INFO: WriteHtmlCache Behavior ::run [ RunTime:0.000641s ]
INFO: ShowRuntime Behavior ::run [ RunTime:0.000945s ]
INFO: [ view_filter ] --END-- [ RunTime:0.003617s ]
INFO: [ view_end ] --START--
INFO: ShowPageTrace Behavior ::run [ RunTime:0.001062s ]
INFO: [ view_end ] --END-- [ RunTime:0.001261s ]

[ 2015-07-08T23:18:55+08:00 ] 0.0.0.0 /blog/index.php/Admin/Login/index.html?username=&password=
INFO: [ route_check ] --START--
INFO: CheckRoute Behavior ::run [ RunTime:0.001204s ]
INFO: [ route_check ] --END-- [ RunTime:0.001389s ]
INFO: [ app_begin ] --START--
INFO: ReadHtmlCache Behavior ::run [ RunTime:0.001004s ]
INFO: [ app_begin ] --END-- [ RunTime:0.001160s ]
INFO: [ view_parse ] --START--
NOTIC: [8] Undefined offset: 1 H:\wamp\www\blog\ThinkPHP\Lib\Driver\TagLib\TagLibCx.class.php 第 524 行.
NOTIC: [8] Undefined offset: 1 H:\wamp\www\blog\ThinkPHP\Lib\Driver\TagLib\TagLibCx.class.php 第 524 行.
NOTIC: [8] Use of undefined constant Login - assumed 'Login' H:\wamp\www\blog\Home\Runtime\Cache\Admin\2a1a955039644ca93866a81c42914146.php 第 15 行.
NOTIC: [8] Use of undefined constant loginCheck - assumed 'loginCheck' H:\wamp\www\blog\Home\Runtime\Cache\Admin\2a1a955039644ca93866a81c42914146.php 第 15 行.
NOTIC: [2] Division by zero H:\wamp\www\blog\Home\Runtime\Cache\Admin\2a1a955039644ca93866a81c42914146.php 第 15 行.
INFO: ParseTemplate Behavior ::run [ RunTime:0.011160s ]
INFO: [ view_parse ] --END-- [ RunTime:0.011316s ]
INFO: [ view_filter ] --START--
INFO: ContentReplace Behavior ::run [ RunTime:0.000734s ]
INFO: TokenBuild Behavior ::run [ RunTime:0.000854s ]
INFO: WriteHtmlCache Behavior ::run [ RunTime:0.000631s ]
INFO: ShowRuntime Behavior ::run [ RunTime:0.000911s ]
INFO: [ view_filter ] --END-- [ RunTime:0.003605s ]
INFO: [ view_end ] --START--
INFO: ShowPageTrace Behavior ::run [ RunTime:0.001022s ]
INFO: [ view_end ] --END-- [ RunTime:0.001176s ]

[ 2015-07-08T23:18:55+08:00 ] 0.0.0.0 /blog/index.php/Admin/Login/index.html?username=&password=
INFO: [ route_check ] --START--
INFO: CheckRoute Behavior ::run [ RunTime:0.001128s ]
INFO: [ route_check ] --END-- [ RunTime:0.001311s ]
INFO: [ app_begin ] --START--
INFO: ReadHtmlCache Behavior ::run [ RunTime:0.000968s ]
INFO: [ app_begin ] --END-- [ RunTime:0.001199s ]
INFO: [ view_parse ] --START--
NOTIC: [8] Undefined offset: 1 H:\wamp\www\blog\ThinkPHP\Lib\Driver\TagLib\TagLibCx.class.php 第 524 行.
NOTIC: [8] Undefined offset: 1 H:\wamp\www\blog\ThinkPHP\Lib\Driver\TagLib\TagLibCx.class.php 第 524 行.
NOTIC: [8] Use of undefined constant Login - assumed 'Login' H:\wamp\www\blog\Home\Runtime\Cache\Admin\2a1a955039644ca93866a81c42914146.php 第 15 行.
NOTIC: [8] Use of undefined constant loginCheck - assumed 'loginCheck' H:\wamp\www\blog\Home\Runtime\Cache\Admin\2a1a955039644ca93866a81c42914146.php 第 15 行.
NOTIC: [2] Division by zero H:\wamp\www\blog\Home\Runtime\Cache\Admin\2a1a955039644ca93866a81c42914146.php 第 15 行.
INFO: ParseTemplate Behavior ::run [ RunTime:0.010975s ]
INFO: [ view_parse ] --END-- [ RunTime:0.011199s ]
INFO: [ view_filter ] --START--
INFO: ContentReplace Behavior ::run [ RunTime:0.000722s ]
INFO: TokenBuild Behavior ::run [ RunTime:0.000709s ]
INFO: WriteHtmlCache Behavior ::run [ RunTime:0.000511s ]
INFO: ShowRuntime Behavior ::run [ RunTime:0.000918s ]
INFO: [ view_filter ] --END-- [ RunTime:0.003295s ]
INFO: [ view_end ] --START--
INFO: ShowPageTrace Behavior ::run [ RunTime:0.000979s ]
INFO: [ view_end ] --END-- [ RunTime:0.001124s ]

[ 2015-07-08T23:18:55+08:00 ] 0.0.0.0 /blog/index.php/Admin/Login/index.html?username=&password=
INFO: [ route_check ] --START--
INFO: CheckRoute Behavior ::run [ RunTime:0.001240s ]
INFO: [ route_check ] --END-- [ RunTime:0.001441s ]
INFO: [ app_begin ] --START--
INFO: ReadHtmlCache Behavior ::run [ RunTime:0.000994s ]
INFO: [ app_begin ] --END-- [ RunTime:0.001171s ]
INFO: [ view_parse ] --START--
NOTIC: [8] Undefined offset: 1 H:\wamp\www\blog\ThinkPHP\Lib\Driver\TagLib\TagLibCx.class.php 第 524 行.
NOTIC: [8] Undefined offset: 1 H:\wamp\www\blog\ThinkPHP\Lib\Driver\TagLib\TagLibCx.class.php 第 524 行.
NOTIC: [8] Use of undefined constant Login - assumed 'Login' H:\wamp\www\blog\Home\Runtime\Cache\Admin\2a1a955039644ca93866a81c42914146.php 第 15 行.
NOTIC: [8] Use of undefined constant loginCheck - assumed 'loginCheck' H:\wamp\www\blog\Home\Runtime\Cache\Admin\2a1a955039644ca93866a81c42914146.php 第 15 行.
NOTIC: [2] Division by zero H:\wamp\www\blog\Home\Runtime\Cache\Admin\2a1a955039644ca93866a81c42914146.php 第 15 行.
INFO: ParseTemplate Behavior ::run [ RunTime:0.011937s ]
INFO: [ view_parse ] --END-- [ RunTime:0.012097s ]
INFO: [ view_filter ] --START--
INFO: ContentReplace Behavior ::run [ RunTime:0.000677s ]
INFO: TokenBuild Behavior ::run [ RunTime:0.000700s ]
INFO: WriteHtmlCache Behavior ::run [ RunTime:0.000565s ]
INFO: ShowRuntime Behavior ::run [ RunTime:0.000870s ]
INFO: [ view_filter ] --END-- [ RunTime:0.003251s ]
INFO: [ view_end ] --START--
INFO: ShowPageTrace Behavior ::run [ RunTime:0.001039s ]
INFO: [ view_end ] --END-- [ RunTime:0.001203s ]

[ 2015-07-08T23:18:55+08:00 ] 0.0.0.0 /blog/index.php/Admin/Login/index.html?username=&password=
INFO: [ route_check ] --START--
INFO: CheckRoute Behavior ::run [ RunTime:0.001246s ]
INFO: [ route_check ] --END-- [ RunTime:0.001441s ]
INFO: [ app_begin ] --START--
INFO: ReadHtmlCache Behavior ::run [ RunTime:0.001035s ]
INFO: [ app_begin ] --END-- [ RunTime:0.001219s ]
INFO: [ view_parse ] --START--
NOTIC: [8] Undefined offset: 1 H:\wamp\www\blog\ThinkPHP\Lib\Driver\TagLib\TagLibCx.class.php 第 524 行.
NOTIC: [8] Undefined offset: 1 H:\wamp\www\blog\ThinkPHP\Lib\Driver\TagLib\TagLibCx.class.php 第 524 行.
NOTIC: [8] Use of undefined constant Login - assumed 'Login' H:\wamp\www\blog\Home\Runtime\Cache\Admin\2a1a955039644ca93866a81c42914146.php 第 15 行.
NOTIC: [8] Use of undefined constant loginCheck - assumed 'loginCheck' H:\wamp\www\blog\Home\Runtime\Cache\Admin\2a1a955039644ca93866a81c42914146.php 第 15 行.
NOTIC: [2] Division by zero H:\wamp\www\blog\Home\Runtime\Cache\Admin\2a1a955039644ca93866a81c42914146.php 第 15 行.
INFO: ParseTemplate Behavior ::run [ RunTime:0.011815s ]
INFO: [ view_parse ] --END-- [ RunTime:0.011990s ]
INFO: [ view_filter ] --START--
INFO: ContentReplace Behavior ::run [ RunTime:0.000887s ]
INFO: TokenBuild Behavior ::run [ RunTime:0.000905s ]
INFO: WriteHtmlCache Behavior ::run [ RunTime:0.000586s ]
INFO: ShowRuntime Behavior ::run [ RunTime:0.000944s ]
INFO: [ view_filter ] --END-- [ RunTime:0.003804s ]
INFO: [ view_end ] --START--
INFO: ShowPageTrace Behavior ::run [ RunTime:0.001008s ]
INFO: [ view_end ] --END-- [ RunTime:0.001160s ]

[ 2015-07-08T23:18:56+08:00 ] 0.0.0.0 /blog/index.php/Admin/Login/index.html?username=&password=
INFO: [ route_check ] --START--
INFO: CheckRoute Behavior ::run [ RunTime:0.001263s ]
INFO: [ route_check ] --END-- [ RunTime:0.001457s ]
INFO: [ app_begin ] --START--
INFO: ReadHtmlCache Behavior ::run [ RunTime:0.000913s ]
INFO: [ app_begin ] --END-- [ RunTime:0.001096s ]
INFO: [ view_parse ] --START--
NOTIC: [8] Undefined offset: 1 H:\wamp\www\blog\ThinkPHP\Lib\Driver\TagLib\TagLibCx.class.php 第 524 行.
NOTIC: [8] Undefined offset: 1 H:\wamp\www\blog\ThinkPHP\Lib\Driver\TagLib\TagLibCx.class.php 第 524 行.
NOTIC: [8] Use of undefined constant Login - assumed 'Login' H:\wamp\www\blog\Home\Runtime\Cache\Admin\2a1a955039644ca93866a81c42914146.php 第 15 行.
NOTIC: [8] Use of undefined constant loginCheck - assumed 'loginCheck' H:\wamp\www\blog\Home\Runtime\Cache\Admin\2a1a955039644ca93866a81c42914146.php 第 15 行.
NOTIC: [2] Division by zero H:\wamp\www\blog\Home\Runtime\Cache\Admin\2a1a955039644ca93866a81c42914146.php 第 15 行.
INFO: ParseTemplate Behavior ::run [ RunTime:0.011079s ]
INFO: [ view_parse ] --END-- [ RunTime:0.011237s ]
INFO: [ view_filter ] --START--
INFO: ContentReplace Behavior ::run [ RunTime:0.000779s ]
INFO: TokenBuild Behavior ::run [ RunTime:0.000803s ]
INFO: WriteHtmlCache Behavior ::run [ RunTime:0.000640s ]
INFO: ShowRuntime Behavior ::run [ RunTime:0.000913s ]
INFO: [ view_filter ] --END-- [ RunTime:0.003580s ]
INFO: [ view_end ] --START--
INFO: ShowPageTrace Behavior ::run [ RunTime:0.001024s ]
INFO: [ view_end ] --END-- [ RunTime:0.001178s ]

[ 2015-07-08T23:18:56+08:00 ] 0.0.0.0 /blog/index.php/Admin/Login/index.html?username=&password=
INFO: [ route_check ] --START--
INFO: CheckRoute Behavior ::run [ RunTime:0.001244s ]
INFO: [ route_check ] --END-- [ RunTime:0.001440s ]
INFO: [ app_begin ] --START--
INFO: ReadHtmlCache Behavior ::run [ RunTime:0.000981s ]
INFO: [ app_begin ] --END-- [ RunTime:0.001138s ]
INFO: [ view_parse ] --START--
NOTIC: [8] Undefined offset: 1 H:\wamp\www\blog\ThinkPHP\Lib\Driver\TagLib\TagLibCx.class.php 第 524 行.
NOTIC: [8] Undefined offset: 1 H:\wamp\www\blog\ThinkPHP\Lib\Driver\TagLib\TagLibCx.class.php 第 524 行.
NOTIC: [8] Use of undefined constant Login - assumed 'Login' H:\wamp\www\blog\Home\Runtime\Cache\Admin\2a1a955039644ca93866a81c42914146.php 第 15 行.
NOTIC: [8] Use of undefined constant loginCheck - assumed 'loginCheck' H:\wamp\www\blog\Home\Runtime\Cache\Admin\2a1a955039644ca93866a81c42914146.php 第 15 行.
NOTIC: [2] Division by zero H:\wamp\www\blog\Home\Runtime\Cache\Admin\2a1a955039644ca93866a81c42914146.php 第 15 行.
INFO: ParseTemplate Behavior ::run [ RunTime:0.010934s ]
INFO: [ view_parse ] --END-- [ RunTime:0.011091s ]
INFO: [ view_filter ] --START--
INFO: ContentReplace Behavior ::run [ RunTime:0.000757s ]
INFO: TokenBuild Behavior ::run [ RunTime:0.000818s ]
INFO: WriteHtmlCache Behavior ::run [ RunTime:0.000655s ]
INFO: ShowRuntime Behavior ::run [ RunTime:0.000893s ]
INFO: [ view_filter ] --END-- [ RunTime:0.003582s ]
INFO: [ view_end ] --START--
INFO: ShowPageTrace Behavior ::run [ RunTime:0.001000s ]
INFO: [ view_end ] --END-- [ RunTime:0.001148s ]

[ 2015-07-08T23:18:56+08:00 ] 0.0.0.0 /blog/index.php/Admin/Login/index.html?username=&password=
INFO: [ route_check ] --START--
INFO: CheckRoute Behavior ::run [ RunTime:0.001242s ]
INFO: [ route_check ] --END-- [ RunTime:0.001428s ]
INFO: [ app_begin ] --START--
INFO: ReadHtmlCache Behavior ::run [ RunTime:0.000979s ]
INFO: [ app_begin ] --END-- [ RunTime:0.001136s ]
INFO: [ view_parse ] --START--
NOTIC: [8] Undefined offset: 1 H:\wamp\www\blog\ThinkPHP\Lib\Driver\TagLib\TagLibCx.class.php 第 524 行.
NOTIC: [8] Undefined offset: 1 H:\wamp\www\blog\ThinkPHP\Lib\Driver\TagLib\TagLibCx.class.php 第 524 行.
NOTIC: [8] Use of undefined constant Login - assumed 'Login' H:\wamp\www\blog\Home\Runtime\Cache\Admin\2a1a955039644ca93866a81c42914146.php 第 15 行.
NOTIC: [8] Use of undefined constant loginCheck - assumed 'loginCheck' H:\wamp\www\blog\Home\Runtime\Cache\Admin\2a1a955039644ca93866a81c42914146.php 第 15 行.
NOTIC: [2] Division by zero H:\wamp\www\blog\Home\Runtime\Cache\Admin\2a1a955039644ca93866a81c42914146.php 第 15 行.
INFO: ParseTemplate Behavior ::run [ RunTime:0.011190s ]
INFO: [ view_parse ] --END-- [ RunTime:0.011344s ]
INFO: [ view_filter ] --START--
INFO: ContentReplace Behavior ::run [ RunTime:0.000713s ]
INFO: TokenBuild Behavior ::run [ RunTime:0.000765s ]
INFO: WriteHtmlCache Behavior ::run [ RunTime:0.000535s ]
INFO: ShowRuntime Behavior ::run [ RunTime:0.000918s ]
INFO: [ view_filter ] --END-- [ RunTime:0.003357s ]
INFO: [ view_end ] --START--
INFO: ShowPageTrace Behavior ::run [ RunTime:0.001020s ]
INFO: [ view_end ] --END-- [ RunTime:0.001172s ]

[ 2015-07-08T23:18:56+08:00 ] 0.0.0.0 /blog/index.php/Admin/Login/index.html?username=&password=
INFO: [ route_check ] --START--
INFO: CheckRoute Behavior ::run [ RunTime:0.001217s ]
INFO: [ route_check ] --END-- [ RunTime:0.001403s ]
INFO: [ app_begin ] --START--
INFO: ReadHtmlCache Behavior ::run [ RunTime:0.000949s ]
INFO: [ app_begin ] --END-- [ RunTime:0.001108s ]
INFO: [ view_parse ] --START--
NOTIC: [8] Undefined offset: 1 H:\wamp\www\blog\ThinkPHP\Lib\Driver\TagLib\TagLibCx.class.php 第 524 行.
NOTIC: [8] Undefined offset: 1 H:\wamp\www\blog\ThinkPHP\Lib\Driver\TagLib\TagLibCx.class.php 第 524 行.
NOTIC: [8] Use of undefined constant Login - assumed 'Login' H:\wamp\www\blog\Home\Runtime\Cache\Admin\2a1a955039644ca93866a81c42914146.php 第 15 行.
NOTIC: [8] Use of undefined constant loginCheck - assumed 'loginCheck' H:\wamp\www\blog\Home\Runtime\Cache\Admin\2a1a955039644ca93866a81c42914146.php 第 15 行.
NOTIC: [2] Division by zero H:\wamp\www\blog\Home\Runtime\Cache\Admin\2a1a955039644ca93866a81c42914146.php 第 15 行.
INFO: ParseTemplate Behavior ::run [ RunTime:0.011550s ]
INFO: [ view_parse ] --END-- [ RunTime:0.011724s ]
INFO: [ view_filter ] --START--
INFO: ContentReplace Behavior ::run [ RunTime:0.000709s ]
INFO: TokenBuild Behavior ::run [ RunTime:0.000765s ]
INFO: WriteHtmlCache Behavior ::run [ RunTime:0.000603s ]
INFO: ShowRuntime Behavior ::run [ RunTime:0.000947s ]
INFO: [ view_filter ] --END-- [ RunTime:0.003579s ]
INFO: [ view_end ] --START--
INFO: ShowPageTrace Behavior ::run [ RunTime:0.000979s ]
INFO: [ view_end ] --END-- [ RunTime:0.001134s ]

[ 2015-07-08T23:18:56+08:00 ] 0.0.0.0 /blog/index.php/Admin/Login/index.html?username=&password=
INFO: [ route_check ] --START--
INFO: CheckRoute Behavior ::run [ RunTime:0.001224s ]
INFO: [ route_check ] --END-- [ RunTime:0.001435s ]
INFO: [ app_begin ] --START--
INFO: ReadHtmlCache Behavior ::run [ RunTime:0.000879s ]
INFO: [ app_begin ] --END-- [ RunTime:0.001032s ]
INFO: [ view_parse ] --START--
NOTIC: [8] Undefined offset: 1 H:\wamp\www\blog\ThinkPHP\Lib\Driver\TagLib\TagLibCx.class.php 第 524 行.
NOTIC: [8] Undefined offset: 1 H:\wamp\www\blog\ThinkPHP\Lib\Driver\TagLib\TagLibCx.class.php 第 524 行.
NOTIC: [8] Use of undefined constant Login - assumed 'Login' H:\wamp\www\blog\Home\Runtime\Cache\Admin\2a1a955039644ca93866a81c42914146.php 第 15 行.
NOTIC: [8] Use of undefined constant loginCheck - assumed 'loginCheck' H:\wamp\www\blog\Home\Runtime\Cache\Admin\2a1a955039644ca93866a81c42914146.php 第 15 行.
NOTIC: [2] Division by zero H:\wamp\www\blog\Home\Runtime\Cache\Admin\2a1a955039644ca93866a81c42914146.php 第 15 行.
INFO: ParseTemplate Behavior ::run [ RunTime:0.011400s ]
INFO: [ view_parse ] --END-- [ RunTime:0.011555s ]
INFO: [ view_filter ] --START--
INFO: ContentReplace Behavior ::run [ RunTime:0.000755s ]
INFO: TokenBuild Behavior ::run [ RunTime:0.000776s ]
INFO: WriteHtmlCache Behavior ::run [ RunTime:0.000577s ]
INFO: ShowRuntime Behavior ::run [ RunTime:0.000902s ]
INFO: [ view_filter ] --END-- [ RunTime:0.003445s ]
INFO: [ view_end ] --START--
INFO: ShowPageTrace Behavior ::run [ RunTime:0.001024s ]
INFO: [ view_end ] --END-- [ RunTime:0.001197s ]

[ 2015-07-08T23:18:57+08:00 ] 0.0.0.0 /blog/index.php/Admin/Login/index.html?username=&password=
INFO: [ route_check ] --START--
INFO: CheckRoute Behavior ::run [ RunTime:0.001166s ]
INFO: [ route_check ] --END-- [ RunTime:0.001354s ]
INFO: [ app_begin ] --START--
INFO: ReadHtmlCache Behavior ::run [ RunTime:0.000913s ]
INFO: [ app_begin ] --END-- [ RunTime:0.001071s ]
INFO: [ view_parse ] --START--
NOTIC: [8] Undefined offset: 1 H:\wamp\www\blog\ThinkPHP\Lib\Driver\TagLib\TagLibCx.class.php 第 524 行.
NOTIC: [8] Undefined offset: 1 H:\wamp\www\blog\ThinkPHP\Lib\Driver\TagLib\TagLibCx.class.php 第 524 行.
NOTIC: [8] Use of undefined constant Login - assumed 'Login' H:\wamp\www\blog\Home\Runtime\Cache\Admin\2a1a955039644ca93866a81c42914146.php 第 15 行.
NOTIC: [8] Use of undefined constant loginCheck - assumed 'loginCheck' H:\wamp\www\blog\Home\Runtime\Cache\Admin\2a1a955039644ca93866a81c42914146.php 第 15 行.
NOTIC: [2] Division by zero H:\wamp\www\blog\Home\Runtime\Cache\Admin\2a1a955039644ca93866a81c42914146.php 第 15 行.
INFO: ParseTemplate Behavior ::run [ RunTime:0.011110s ]
INFO: [ view_parse ] --END-- [ RunTime:0.011265s ]
INFO: [ view_filter ] --START--
INFO: ContentReplace Behavior ::run [ RunTime:0.000708s ]
INFO: TokenBuild Behavior ::run [ RunTime:0.000776s ]
INFO: WriteHtmlCache Behavior ::run [ RunTime:0.000516s ]
INFO: ShowRuntime Behavior ::run [ RunTime:0.000849s ]
INFO: [ view_filter ] --END-- [ RunTime:0.003300s ]
INFO: [ view_end ] --START--
INFO: ShowPageTrace Behavior ::run [ RunTime:0.000975s ]
INFO: [ view_end ] --END-- [ RunTime:0.001123s ]

[ 2015-07-08T23:19:01+08:00 ] 0.0.0.0 /blog/index.php/Admin/Login/index.html?username=a%4046.com&password=asd
INFO: [ route_check ] --START--
INFO: CheckRoute Behavior ::run [ RunTime:0.001226s ]
INFO: [ route_check ] --END-- [ RunTime:0.001412s ]
INFO: [ app_begin ] --START--
INFO: ReadHtmlCache Behavior ::run [ RunTime:0.000975s ]
INFO: [ app_begin ] --END-- [ RunTime:0.001159s ]
INFO: [ view_parse ] --START--
NOTIC: [8] Undefined offset: 1 H:\wamp\www\blog\ThinkPHP\Lib\Driver\TagLib\TagLibCx.class.php 第 524 行.
NOTIC: [8] Undefined offset: 1 H:\wamp\www\blog\ThinkPHP\Lib\Driver\TagLib\TagLibCx.class.php 第 524 行.
NOTIC: [8] Use of undefined constant Login - assumed 'Login' H:\wamp\www\blog\Home\Runtime\Cache\Admin\2a1a955039644ca93866a81c42914146.php 第 15 行.
NOTIC: [8] Use of undefined constant loginCheck - assumed 'loginCheck' H:\wamp\www\blog\Home\Runtime\Cache\Admin\2a1a955039644ca93866a81c42914146.php 第 15 行.
NOTIC: [2] Division by zero H:\wamp\www\blog\Home\Runtime\Cache\Admin\2a1a955039644ca93866a81c42914146.php 第 15 行.
INFO: ParseTemplate Behavior ::run [ RunTime:0.011286s ]
INFO: [ view_parse ] --END-- [ RunTime:0.011444s ]
INFO: [ view_filter ] --START--
INFO: ContentReplace Behavior ::run [ RunTime:0.000744s ]
INFO: TokenBuild Behavior ::run [ RunTime:0.000777s ]
INFO: WriteHtmlCache Behavior ::run [ RunTime:0.000618s ]
INFO: ShowRuntime Behavior ::run [ RunTime:0.000970s ]
INFO: [ view_filter ] --END-- [ RunTime:0.003569s ]
INFO: [ view_end ] --START--
INFO: ShowPageTrace Behavior ::run [ RunTime:0.001098s ]
INFO: [ view_end ] --END-- [ RunTime:0.001256s ]

[ 2015-07-08T23:19:47+08:00 ] 0.0.0.0 /blog/index.php/Admin/Login/index.html?username=a%4046.com&password=asd
INFO: [ route_check ] --START--
INFO: CheckRoute Behavior ::run [ RunTime:0.001677s ]
INFO: [ route_check ] --END-- [ RunTime:0.001948s ]
INFO: [ app_begin ] --START--
INFO: ReadHtmlCache Behavior ::run [ RunTime:0.000967s ]
INFO: [ app_begin ] --END-- [ RunTime:0.001129s ]
INFO: [ view_parse ] --START--
NOTIC: [8] Undefined offset: 1 H:\wamp\www\blog\ThinkPHP\Lib\Driver\TagLib\TagLibCx.class.php 第 524 行.
NOTIC: [8] Undefined offset: 1 H:\wamp\www\blog\ThinkPHP\Lib\Driver\TagLib\TagLibCx.class.php 第 524 行.
INFO: ParseTemplate Behavior ::run [ RunTime:0.011275s ]
INFO: [ view_parse ] --END-- [ RunTime:0.011476s ]
INFO: [ view_filter ] --START--
INFO: ContentReplace Behavior ::run [ RunTime:0.000754s ]
INFO: TokenBuild Behavior ::run [ RunTime:0.000855s ]
INFO: WriteHtmlCache Behavior ::run [ RunTime:0.000640s ]
INFO: ShowRuntime Behavior ::run [ RunTime:0.000917s ]
INFO: [ view_filter ] --END-- [ RunTime:0.003625s ]
INFO: [ view_end ] --START--
INFO: ShowPageTrace Behavior ::run [ RunTime:0.000993s ]
INFO: [ view_end ] --END-- [ RunTime:0.001141s ]

[ 2015-07-08T23:19:48+08:00 ] 0.0.0.0 /blog/index.php/Admin/Login/index.html?username=a%4046.com&password=asd
INFO: [ route_check ] --START--
INFO: CheckRoute Behavior ::run [ RunTime:0.001320s ]
INFO: [ route_check ] --END-- [ RunTime:0.001499s ]
INFO: [ app_begin ] --START--
INFO: ReadHtmlCache Behavior ::run [ RunTime:0.001072s ]
INFO: [ app_begin ] --END-- [ RunTime:0.001279s ]
INFO: [ view_parse ] --START--
NOTIC: [8] Undefined offset: 1 H:\wamp\www\blog\ThinkPHP\Lib\Driver\TagLib\TagLibCx.class.php 第 524 行.
NOTIC: [8] Undefined offset: 1 H:\wamp\www\blog\ThinkPHP\Lib\Driver\TagLib\TagLibCx.class.php 第 524 行.
INFO: ParseTemplate Behavior ::run [ RunTime:0.010917s ]
INFO: [ view_parse ] --END-- [ RunTime:0.011087s ]
INFO: [ view_filter ] --START--
INFO: ContentReplace Behavior ::run [ RunTime:0.000731s ]
INFO: TokenBuild Behavior ::run [ RunTime:0.000842s ]
INFO: WriteHtmlCache Behavior ::run [ RunTime:0.000598s ]
INFO: ShowRuntime Behavior ::run [ RunTime:0.000960s ]
INFO: [ view_filter ] --END-- [ RunTime:0.003590s ]
INFO: [ view_end ] --START--
INFO: ShowPageTrace Behavior ::run [ RunTime:0.001067s ]
INFO: [ view_end ] --END-- [ RunTime:0.001218s ]

[ 2015-07-08T23:19:55+08:00 ] 0.0.0.0 /blog/index.php/Admin/AdminLogin/loginCheck.html?username=a%4046.com&password=AA
INFO: [ route_check ] --START--
INFO: CheckRoute Behavior ::run [ RunTime:0.001479s ]
INFO: [ route_check ] --END-- [ RunTime:0.001669s ]
INFO: [ app_begin ] --START--
INFO: ReadHtmlCache Behavior ::run [ RunTime:0.001057s ]
INFO: [ app_begin ] --END-- [ RunTime:0.001217s ]
ERR: 无法加载模块:AdminLogin

[ 2015-07-08T23:23:46+08:00 ] 0.0.0.0 /blog/index.php/Admin/Login/
INFO: [ route_check ] --START--
INFO: CheckRoute Behavior ::run [ RunTime:0.001465s ]
INFO: [ route_check ] --END-- [ RunTime:0.001642s ]
INFO: [ app_begin ] --START--
INFO: ReadHtmlCache Behavior ::run [ RunTime:0.001205s ]
INFO: [ app_begin ] --END-- [ RunTime:0.001452s ]
INFO: [ view_parse ] --START--
NOTIC: [8] Undefined offset: 1 H:\wamp\www\blog\ThinkPHP\Lib\Driver\TagLib\TagLibCx.class.php 第 524 行.
NOTIC: [8] Undefined offset: 1 H:\wamp\www\blog\ThinkPHP\Lib\Driver\TagLib\TagLibCx.class.php 第 524 行.
INFO: ParseTemplate Behavior ::run [ RunTime:0.012073s ]
INFO: [ view_parse ] --END-- [ RunTime:0.012244s ]
INFO: [ view_filter ] --START--
INFO: ContentReplace Behavior ::run [ RunTime:0.000866s ]
INFO: TokenBuild Behavior ::run [ RunTime:0.000882s ]
INFO: WriteHtmlCache Behavior ::run [ RunTime:0.000686s ]
INFO: ShowRuntime Behavior ::run [ RunTime:0.001002s ]
INFO: [ view_filter ] --END-- [ RunTime:0.003880s ]
INFO: [ view_end ] --START--
INFO: ShowPageTrace Behavior ::run [ RunTime:0.001144s ]
INFO: [ view_end ] --END-- [ RunTime:0.001302s ]

[ 2015-07-08T23:23:50+08:00 ] 0.0.0.0 /blog/index.php/Admin/Login/loginCheck.html?username=a%4046.com&password=QAD
INFO: [ route_check ] --START--
INFO: CheckRoute Behavior ::run [ RunTime:0.001192s ]
INFO: [ route_check ] --END-- [ RunTime:0.001383s ]
INFO: [ app_begin ] --START--
INFO: ReadHtmlCache Behavior ::run [ RunTime:0.000953s ]
INFO: [ app_begin ] --END-- [ RunTime:0.001120s ]

[ 2015-07-08T23:28:37+08:00 ] 0.0.0.0 /blog/index.php/Admin/Login/
INFO: [ route_check ] --START--
INFO: CheckRoute Behavior ::run [ RunTime:0.001464s ]
INFO: [ route_check ] --END-- [ RunTime:0.001656s ]
INFO: [ app_begin ] --START--
INFO: ReadHtmlCache Behavior ::run [ RunTime:0.001023s ]
INFO: [ app_begin ] --END-- [ RunTime:0.001182s ]
INFO: [ view_parse ] --START--
NOTIC: [8] Undefined offset: 1 H:\wamp\www\blog\ThinkPHP\Lib\Driver\TagLib\TagLibCx.class.php 第 524 行.
NOTIC: [8] Undefined offset: 1 H:\wamp\www\blog\ThinkPHP\Lib\Driver\TagLib\TagLibCx.class.php 第 524 行.
INFO: ParseTemplate Behavior ::run [ RunTime:0.011680s ]
INFO: [ view_parse ] --END-- [ RunTime:0.011854s ]
INFO: [ view_filter ] --START--
INFO: ContentReplace Behavior ::run [ RunTime:0.000840s ]
INFO: TokenBuild Behavior ::run [ RunTime:0.000961s ]
INFO: WriteHtmlCache Behavior ::run [ RunTime:0.000768s ]
INFO: ShowRuntime Behavior ::run [ RunTime:0.000987s ]
INFO: [ view_filter ] --END-- [ RunTime:0.003990s ]
INFO: [ view_end ] --START--
INFO: ShowPageTrace Behavior ::run [ RunTime:0.001314s ]
INFO: [ view_end ] --END-- [ RunTime:0.001470s ]

[ 2015-07-08T23:28:37+08:00 ] 0.0.0.0 /blog/index.php/Admin/Login/
INFO: [ route_check ] --START--
INFO: CheckRoute Behavior ::run [ RunTime:0.001201s ]
INFO: [ route_check ] --END-- [ RunTime:0.001388s ]
INFO: [ app_begin ] --START--
INFO: ReadHtmlCache Behavior ::run [ RunTime:0.001018s ]
INFO: [ app_begin ] --END-- [ RunTime:0.001175s ]
INFO: [ view_parse ] --START--
NOTIC: [8] Undefined offset: 1 H:\wamp\www\blog\ThinkPHP\Lib\Driver\TagLib\TagLibCx.class.php 第 524 行.
NOTIC: [8] Undefined offset: 1 H:\wamp\www\blog\ThinkPHP\Lib\Driver\TagLib\TagLibCx.class.php 第 524 行.
INFO: ParseTemplate Behavior ::run [ RunTime:0.011039s ]
INFO: [ view_parse ] --END-- [ RunTime:0.011227s ]
INFO: [ view_filter ] --START--
INFO: ContentReplace Behavior ::run [ RunTime:0.000655s ]
INFO: TokenBuild Behavior ::run [ RunTime:0.000736s ]
INFO: WriteHtmlCache Behavior ::run [ RunTime:0.000556s ]
INFO: ShowRuntime Behavior ::run [ RunTime:0.000951s ]
INFO: [ view_filter ] --END-- [ RunTime:0.003325s ]
INFO: [ view_end ] --START--
INFO: ShowPageTrace Behavior ::run [ RunTime:0.001090s ]
INFO: [ view_end ] --END-- [ RunTime:0.001248s ]

[ 2015-07-08T23:28:37+08:00 ] 0.0.0.0 /blog/index.php/Admin/Login/
INFO: [ route_check ] --START--
INFO: CheckRoute Behavior ::run [ RunTime:0.001522s ]
INFO: [ route_check ] --END-- [ RunTime:0.001707s ]
INFO: [ app_begin ] --START--
INFO: ReadHtmlCache Behavior ::run [ RunTime:0.001096s ]
INFO: [ app_begin ] --END-- [ RunTime:0.001275s ]
INFO: [ view_parse ] --START--
NOTIC: [8] Undefined offset: 1 H:\wamp\www\blog\ThinkPHP\Lib\Driver\TagLib\TagLibCx.class.php 第 524 行.
NOTIC: [8] Undefined offset: 1 H:\wamp\www\blog\ThinkPHP\Lib\Driver\TagLib\TagLibCx.class.php 第 524 行.
INFO: ParseTemplate Behavior ::run [ RunTime:0.012684s ]
INFO: [ view_parse ] --END-- [ RunTime:0.012969s ]
INFO: [ view_filter ] --START--
INFO: ContentReplace Behavior ::run [ RunTime:0.001007s ]
INFO: TokenBuild Behavior ::run [ RunTime:0.000907s ]
INFO: WriteHtmlCache Behavior ::run [ RunTime:0.000742s ]
INFO: ShowRuntime Behavior ::run [ RunTime:0.001038s ]
INFO: [ view_filter ] --END-- [ RunTime:0.004176s ]
INFO: [ view_end ] --START--
INFO: ShowPageTrace Behavior ::run [ RunTime:0.001251s ]
INFO: [ view_end ] --END-- [ RunTime:0.001406s ]

[ 2015-07-08T23:28:38+08:00 ] 0.0.0.0 /blog/index.php/Admin/Login/
INFO: [ route_check ] --START--
INFO: CheckRoute Behavior ::run [ RunTime:0.001177s ]
INFO: [ route_check ] --END-- [ RunTime:0.001367s ]
INFO: [ app_begin ] --START--
INFO: ReadHtmlCache Behavior ::run [ RunTime:0.000921s ]
INFO: [ app_begin ] --END-- [ RunTime:0.001097s ]
INFO: [ view_parse ] --START--
NOTIC: [8] Undefined offset: 1 H:\wamp\www\blog\ThinkPHP\Lib\Driver\TagLib\TagLibCx.class.php 第 524 行.
NOTIC: [8] Undefined offset: 1 H:\wamp\www\blog\ThinkPHP\Lib\Driver\TagLib\TagLibCx.class.php 第 524 行.
INFO: ParseTemplate Behavior ::run [ RunTime:0.010962s ]
INFO: [ view_parse ] --END-- [ RunTime:0.011146s ]
INFO: [ view_filter ] --START--
INFO: ContentReplace Behavior ::run [ RunTime:0.000725s ]
INFO: TokenBuild Behavior ::run [ RunTime:0.000744s ]
INFO: WriteHtmlCache Behavior ::run [ RunTime:0.000556s ]
INFO: ShowRuntime Behavior ::run [ RunTime:0.000853s ]
INFO: [ view_filter ] --END-- [ RunTime:0.003322s ]
INFO: [ view_end ] --START--
INFO: ShowPageTrace Behavior ::run [ RunTime:0.000998s ]
INFO: [ view_end ] --END-- [ RunTime:0.001152s ]

[ 2015-07-08T23:34:45+08:00 ] 0.0.0.0 /blog/index.php/Admin/Login/loginCheck.html?username=a%4046.com&password=afsdf
INFO: [ route_check ] --START--
INFO: CheckRoute Behavior ::run [ RunTime:0.001605s ]
INFO: [ route_check ] --END-- [ RunTime:0.001834s ]
INFO: [ app_begin ] --START--
INFO: ReadHtmlCache Behavior ::run [ RunTime:0.001167s ]
INFO: [ app_begin ] --END-- [ RunTime:0.001402s ]
NOTIC: [8] Use of undefined constant get - assumed 'get' H:\wamp\www\blog\Home\Modules\Admin\Action\LoginAction.class.php 第 9 行.
NOTIC: [8] Use of undefined constant username - assumed 'username' H:\wamp\www\blog\Home\Modules\Admin\Action\LoginAction.class.php 第 9 行.

[ 2015-07-08T23:35:08+08:00 ] 0.0.0.0 /blog/index.php/Admin/Login/loginCheck.html?username=a%4046.com&password=afsdf
INFO: [ route_check ] --START--
INFO: CheckRoute Behavior ::run [ RunTime:0.001292s ]
INFO: [ route_check ] --END-- [ RunTime:0.001470s ]
INFO: [ app_begin ] --START--
INFO: ReadHtmlCache Behavior ::run [ RunTime:0.001078s ]
INFO: [ app_begin ] --END-- [ RunTime:0.001274s ]

